# JRE version: OpenJDK Runtime Environment (17.0.9) (build 17.0.9+0--11185874)
# Java VM: OpenJDK 64-Bit Server VM (17.0.9+0--11185874, mixed mode, tiered, compressed oops, compressed class ptrs, g1 gc, windows-amd64)
GC Precious Log:
 CPUs: 8 total, 8 available
 Memory: 16026M
 Large Page Support: Disabled
 NUMA Support: Disabled
 Compressed Oops: Enabled (Zero based)
 Heap Region Size: 4M
 Heap Min Capacity: 8M
 Heap Initial Capacity: 252M
 Heap Max Capacity: 8G
 Pre-touch: Disabled
 Parallel Workers: 8
 Concurrent Workers: 2
 Concurrent Refinement Workers: 8
 Periodic GC: Disabled
Heap:
 garbage-first heap   total 450560K, used 260767K [0x0000000600000000, 0x0000000800000000)
  region size 4096K, 21 young (86016K), 4 survivors (16384K)
 Metaspace       used 133129K, committed 134272K, reserved 1179648K
  class space    used 18174K, committed 18688K, reserved 1048576K
GC Heap History (20 events):
Event: 25.592 GC heap before
{Heap before GC invocations=45 (full 0):
 garbage-first heap   total 233472K, used 186260K [0x0000000600000000, 0x0000000800000000)
  region size 4096K, 19 young (77824K), 2 survivors (8192K)
 Metaspace       used 116984K, committed 117824K, reserved 1179648K
  class space    used 16136K, committed 16576K, reserved 1048576K
}
Event: 25.606 GC heap after
{Heap after GC invocations=46 (full 0):
 garbage-first heap   total 233472K, used 126829K [0x0000000600000000, 0x0000000800000000)
  region size 4096K, 3 young (12288K), 3 survivors (12288K)
 Metaspace       used 116984K, committed 117824K, reserved 1179648K
  class space    used 16136K, committed 16576K, reserved 1048576K
}
Event: 26.323 GC heap before
{Heap before GC invocations=46 (full 0):
 garbage-first heap   total 233472K, used 192365K [0x0000000600000000, 0x0000000800000000)
  region size 4096K, 19 young (77824K), 3 survivors (12288K)
 Metaspace       used 118685K, committed 119616K, reserved 1179648K
  class space    used 16369K, committed 16832K, reserved 1048576K
}
Event: 26.335 GC heap after
{Heap after GC invocations=47 (full 0):
 garbage-first heap   total 233472K, used 129635K [0x0000000600000000, 0x0000000800000000)
  region size 4096K, 2 young (8192K), 2 survivors (8192K)
 Metaspace       used 118685K, committed 119616K, reserved 1179648K
  class space    used 16369K, committed 16832K, reserved 1048576K
}
Event: 27.275 GC heap before
{Heap before GC invocations=48 (full 0):
 garbage-first heap   total 241664K, used 182883K [0x0000000600000000, 0x0000000800000000)
  region size 4096K, 16 young (65536K), 2 survivors (8192K)
 Metaspace       used 119746K, committed 120640K, reserved 1179648K
  class space    used 16575K, committed 17024K, reserved 1048576K
}
Event: 27.287 GC heap after
{Heap after GC invocations=49 (full 0):
 garbage-first heap   total 241664K, used 141141K [0x0000000600000000, 0x0000000800000000)
  region size 4096K, 2 young (8192K), 2 survivors (8192K)
 Metaspace       used 119746K, committed 120640K, reserved 1179648K
  class space    used 16575K, committed 17024K, reserved 1048576K
}
Event: 27.349 GC heap before
{Heap before GC invocations=49 (full 0):
 garbage-first heap   total 241664K, used 145237K [0x0000000600000000, 0x0000000800000000)
  region size 4096K, 3 young (12288K), 2 survivors (8192K)
 Metaspace       used 119801K, committed 120704K, reserved 1179648K
  class space    used 16582K, committed 17024K, reserved 1048576K
}
Event: 27.361 GC heap after
{Heap after GC invocations=50 (full 0):
 garbage-first heap   total 241664K, used 140595K [0x0000000600000000, 0x0000000800000000)
  region size 4096K, 1 young (4096K), 1 survivors (4096K)
 Metaspace       used 119801K, committed 120704K, reserved 1179648K
  class space    used 16582K, committed 17024K, reserved 1048576K
}
Event: 28.097 GC heap before
{Heap before GC invocations=50 (full 0):
 garbage-first heap   total 241664K, used 185651K [0x0000000600000000, 0x0000000800000000)
  region size 4096K, 13 young (53248K), 1 survivors (4096K)
 Metaspace       used 120218K, committed 121216K, reserved 1179648K
  class space    used 16613K, committed 17088K, reserved 1048576K
}
Event: 28.108 GC heap after
{Heap after GC invocations=51 (full 0):
 garbage-first heap   total 241664K, used 148365K [0x0000000600000000, 0x0000000800000000)
  region size 4096K, 2 young (8192K), 2 survivors (8192K)
 Metaspace       used 120218K, committed 121216K, reserved 1179648K
  class space    used 16613K, committed 17088K, reserved 1048576K
}
Event: 28.591 GC heap before
{Heap before GC invocations=52 (full 0):
 garbage-first heap   total 274432K, used 193421K [0x0000000600000000, 0x0000000800000000)
  region size 4096K, 13 young (53248K), 2 survivors (8192K)
 Metaspace       used 120221K, committed 121216K, reserved 1179648K
  class space    used 16613K, committed 17088K, reserved 1048576K
}
Event: 28.600 GC heap after
{Heap after GC invocations=53 (full 0):
 garbage-first heap   total 274432K, used 150820K [0x0000000600000000, 0x0000000800000000)
  region size 4096K, 2 young (8192K), 2 survivors (8192K)
 Metaspace       used 120221K, committed 121216K, reserved 1179648K
  class space    used 16613K, committed 17088K, reserved 1048576K
}
Event: 28.619 GC heap before
{Heap before GC invocations=53 (full 0):
 garbage-first heap   total 274432K, used 150820K [0x0000000600000000, 0x0000000800000000)
  region size 4096K, 3 young (12288K), 2 survivors (8192K)
 Metaspace       used 120221K, committed 121216K, reserved 1179648K
  class space    used 16613K, committed 17088K, reserved 1048576K
}
Event: 28.628 GC heap after
{Heap after GC invocations=54 (full 0):
 garbage-first heap   total 450560K, used 149113K [0x0000000600000000, 0x0000000800000000)
  region size 4096K, 1 young (4096K), 1 survivors (4096K)
 Metaspace       used 120221K, committed 121216K, reserved 1179648K
  class space    used 16613K, committed 17088K, reserved 1048576K
}
Event: 30.126 GC heap before
{Heap before GC invocations=54 (full 0):
 garbage-first heap   total 450560K, used 300665K [0x0000000600000000, 0x0000000800000000)
  region size 4096K, 38 young (155648K), 1 survivors (4096K)
 Metaspace       used 120719K, committed 121728K, reserved 1179648K
  class space    used 16677K, committed 17152K, reserved 1048576K
}
Event: 30.143 GC heap after
{Heap after GC invocations=55 (full 0):
 garbage-first heap   total 450560K, used 169735K [0x0000000600000000, 0x0000000800000000)
  region size 4096K, 5 young (20480K), 5 survivors (20480K)
 Metaspace       used 120719K, committed 121728K, reserved 1179648K
  class space    used 16677K, committed 17152K, reserved 1048576K
}
Event: 31.429 GC heap before
{Heap before GC invocations=55 (full 0):
 garbage-first heap   total 450560K, used 317191K [0x0000000600000000, 0x0000000800000000)
  region size 4096K, 42 young (172032K), 5 survivors (20480K)
 Metaspace       used 121476K, committed 122496K, reserved 1179648K
  class space    used 16750K, committed 17216K, reserved 1048576K
}
Event: 31.447 GC heap after
{Heap after GC invocations=56 (full 0):
 garbage-first heap   total 450560K, used 183251K [0x0000000600000000, 0x0000000800000000)
  region size 4096K, 5 young (20480K), 5 survivors (20480K)
 Metaspace       used 121476K, committed 122496K, reserved 1179648K
  class space    used 16750K, committed 17216K, reserved 1048576K
}
Event: 34.059 GC heap before
{Heap before GC invocations=56 (full 0):
 garbage-first heap   total 450560K, used 330707K [0x0000000600000000, 0x0000000800000000)
  region size 4096K, 41 young (167936K), 5 survivors (20480K)
 Metaspace       used 130108K, committed 131200K, reserved 1179648K
  class space    used 17915K, committed 18432K, reserved 1048576K
}
Event: 34.084 GC heap after
{Heap after GC invocations=57 (full 0):
 garbage-first heap   total 450560K, used 199327K [0x0000000600000000, 0x0000000800000000)
  region size 4096K, 4 young (16384K), 4 survivors (16384K)
 Metaspace       used 130108K, committed 131200K, reserved 1179648K
  class space    used 17915K, committed 18432K, reserved 1048576K
}

